<?xml version="1.0" encoding="UTF-8"?>
<!-- Generated by org.testng.reporters.JUnitReportReporter -->
<testsuite hostname="DESKTOP-0F7PER8" failures="0" tests="1" name="Payal.sample1" time="0.010" errors="0" timestamp="2022-11-11T20:18:44 IST" skipped="0">
  <testcase classname="Payal.sample1" name="tc1" time="0.010"/>
  <system-out>
    <![CDATA[running tc1]]>
  </system-out>
</testsuite> <!-- Payal.sample1 -->
